[0103/183613.063:ERROR:directory_reader_win.cc(43)] FindFirstFile: The system cannot find the path specified. (0x3)
[0103/211707.544:ERROR:process_reader_win.cc(123)] NtOpenThread: {Access Denied} A process has requested access to an object, but has not been granted those access rights. (0xc0000022)
[0103/211707.544:ERROR:process_reader_win.cc(123)] NtOpenThread: {Access Denied} A process has requested access to an object, but has not been granted those access rights. (0xc0000022)
[0103/211707.544:ERROR:process_reader_win.cc(123)] NtOpenThread: {Access Denied} A process has requested access to an object, but has not been granted those access rights. (0xc0000022)
[0103/211707.544:ERROR:process_reader_win.cc(123)] NtOpenThread: {Access Denied} A process has requested access to an object, but has not been granted those access rights. (0xc0000022)
[0103/211707.747:ERROR:exception_snapshot_win.cc(99)] thread ID 7592 not found in process
[0103/211707.747:ERROR:exception_snapshot_win.cc(99)] thread ID 8660 not found in process
[0103/211707.747:ERROR:exception_snapshot_win.cc(99)] thread ID 9132 not found in process
[0103/211707.544:ERROR:process_reader_win.cc(123)] NtOpenThread: {Access Denied} A process has requested access to an object, but has not been granted those access rights. (0xc0000022)
[0103/211707.747:ERROR:exception_snapshot_win.cc(99)] thread ID 4388 not found in process
[0103/211707.747:ERROR:exception_snapshot_win.cc(99)] thread ID 308 not found in process
[0104/084859.065:ERROR:directory_reader_win.cc(43)] FindFirstFile: The system cannot find the path specified. (0x3)
[0105/070627.041:ERROR:directory_reader_win.cc(43)] FindFirstFile: The system cannot find the path specified. (0x3)
[0106/081147.829:ERROR:directory_reader_win.cc(43)] FindFirstFile: The system cannot find the path specified. (0x3)
[0106/171348.821:ERROR:directory_reader_win.cc(43)] FindFirstFile: The system cannot find the path specified. (0x3)
[0106/222014.531:ERROR:process_reader_win.cc(123)] NtOpenThread: {Access Denied} A process has requested access to an object, but has not been granted those access rights. (0xc0000022)
[0106/222014.859:ERROR:process_reader_win.cc(123)] NtOpenThread: {Access Denied} A process has requested access to an object, but has not been granted those access rights. (0xc0000022)
[0106/222014.531:ERROR:process_reader_win.cc(123)] NtOpenThread: {Access Denied} A process has requested access to an object, but has not been granted those access rights. (0xc0000022)
[0106/222014.922:ERROR:process_reader_win.cc(123)] NtOpenThread: {Access Denied} A process has requested access to an object, but has not been granted those access rights. (0xc0000022)
[0106/222014.765:ERROR:process_reader_win.cc(123)] NtOpenThread: {Access Denied} A process has requested access to an object, but has not been granted those access rights. (0xc0000022)
[0106/222014.547:ERROR:process_reader_win.cc(123)] NtOpenThread: {Access Denied} A process has requested access to an object, but has not been granted those access rights. (0xc0000022)
[0106/222014.531:ERROR:process_reader_win.cc(123)] NtOpenThread: {Access Denied} A process has requested access to an object, but has not been granted those access rights. (0xc0000022)
[0106/222015.922:ERROR:exception_snapshot_win.cc(99)] thread ID 11004 not found in process
[0106/222015.922:ERROR:exception_snapshot_win.cc(99)] thread ID 10412 not found in process
[0106/222015.922:ERROR:exception_snapshot_win.cc(99)] thread ID 7188 not found in process
[0106/222015.922:ERROR:exception_snapshot_win.cc(99)] thread ID 9652 not found in process
[0106/222015.922:ERROR:exception_snapshot_win.cc(99)] thread ID 5240 not found in process
[0106/222015.922:ERROR:exception_snapshot_win.cc(99)] thread ID 7764 not found in process
[0106/222015.922:ERROR:exception_snapshot_win.cc(99)] thread ID 7672 not found in process
[0106/222016.031:ERROR:process_info.cc(329)] VirtualQueryEx: Access is denied. (0x5)
[0106/222016.031:ERROR:process_info.cc(556)] ReadMemoryInfo failed
[0106/222015.922:ERROR:scoped_process_suspend.cc(40)] NtResumeProcess: An attempt was made to access an exiting process. (0xc000010a)
[0106/222016.031:ERROR:scoped_process_suspend.cc(40)] NtResumeProcess: An attempt was made to access an exiting process. (0xc000010a)
[0106/222015.922:ERROR:scoped_process_suspend.cc(40)] NtResumeProcess: An attempt was made to access an exiting process. (0xc000010a)
[0106/222015.922:ERROR:scoped_process_suspend.cc(40)] NtResumeProcess: An attempt was made to access an exiting process. (0xc000010a)
[0106/222015.922:ERROR:scoped_process_suspend.cc(40)] NtResumeProcess: An attempt was made to access an exiting process. (0xc000010a)
[0106/222015.922:ERROR:scoped_process_suspend.cc(40)] NtResumeProcess: An attempt was made to access an exiting process. (0xc000010a)
[0106/222015.922:ERROR:scoped_process_suspend.cc(40)] NtResumeProcess: An attempt was made to access an exiting process. (0xc000010a)
